<?xml version="1.0" encoding="UTF-8"?>
<Site BuildName="(empty)"
	BuildStamp="20240628-1906-Experimental"
	Name="icore-ThinkCentre-M900"
	Generator="ctest-3.22.1"
	CompilerName="/usr/bin/c++"
	CompilerVersion="11.4.0"
	OSName="Linux"
	Hostname="icore-ThinkCentre-M900"
	OSRelease="6.5.0-41-generic"
	OSVersion="#41~22.04.2-Ubuntu SMP PREEMPT_DYNAMIC Mon Jun  3 11:32:55 UTC 2"
	OSPlatform="x86_64"
	Is64Bits="1"
	VendorString="GenuineIntel"
	VendorID="Intel Corporation"
	FamilyID="6"
	ModelID="94"
	ProcessorCacheSize="6144"
	NumberOfLogicalCPU="4"
	NumberOfPhysicalCPU="4"
	TotalVirtualMemory="2047"
	TotalPhysicalMemory="7822"
	LogicalProcessorsPerPhysical="1"
	ProcessorClockFrequency="3100"
	>
	<Testing>
		<StartDateTime>Jun 28 16:55 CDT</StartDateTime>
		<StartTestTime>1719611753</StartTestTime>
		<TestList/>
		<EndDateTime>Jun 28 16:55 CDT</EndDateTime>
		<EndTestTime>1719611753</EndTestTime>
		<ElapsedMinutes>0</ElapsedMinutes>
	</Testing>
</Site>
